230027 8 0 0
1842745 64 0 1
216082 8 0 2
109228 32 0 3
1842873 64 0 4
109340 32 0 5
2183 5 0 6
1842973 32 0 7
230931 8 0 8
217106 8 0 9
2665915 8 0 10
2425709 13 0 11
218402 4 0 12
218538 4 0 13
2656866 25 0 14
1843101 26 0 15
2425605 40 0 16
2656866 8 0 17
2665934 59 0 18
8737 23 0 19
1843069 32 0 20
2656874 8 0 21
2665918 16 0 22
4157096 40 0 23
1842967 5 0 24
1584358 5 0 25
2656904 8 0 26
214850 8 0 27
2665993 7 0 28
1842972 1 0 29
217050 8 0 30
1583892 64 0 31
2666008 8 0 32
2656974 8 0 33
216658 8 0 34
1583956 64 0 35
1842737 8 0 36
2666051 64 0 37
23969 64 0 38
8769 34 0 39
1584020 64 0 40
1842809 64 0 41
2666011 40 0 42
24033 64 0 43
1584084 64 0 44
228731 8 0 45
2666115 1 0 46
24097 64 0 47
24176 32 0 48
1584148 64 0 49
3276815 32 0 50
24216 31 0 51
24161 64 0 52
1584212 64 0 53
3276748 8 0 54
24225 36 0 55
228723 8 0 56
1584276 64 0 57
3276756 120 0 58
214970 8 0 59
1584340 18 0 60
3276876 32 0 61
1418158 5 0 62
1583892 8 0 63
253219 8 0 64
1583900 64 0 65
1418105 8 0 66
1842696 33 0 67
3242416 8 0 68
1583964 64 0 69
2656912 4 0 70
2656922 52 0 71
3126877 8 0 72
163955 5 0 73
1418134 9 0 74
1584028 64 0 75
2656982 8 0 76
3126885 120 0 77
163927 8 0 78
1584092 64 0 79
1418113 21 0 80
3127005 2 0 81
6117769 8 0 82
163942 5 0 83
1418143 8 0 84
1584156 64 0 85
3126877 8 0 86
6118124 22 0 87
1302608 2 0 88
1302671 3 0 89
1675470 16 0 90
1584220 64 0 91
3126936 61 0 92
260619 8 0 93
1584284 64 0 94
163960 8 0 95
3126880 56 0 96
163983 8 0 97
6132009 8 0 98
1584357 1 0 99
3126997 1 0 100
6132020 1 0 101
163968 15 0 102
1584348 9 0 103
3242420 32 0 104
216934 8 0 105
163991 1 0 106
260755 8 0 107
3242468 32 0 108
163935 7 0 109
230539 8 0 110
6149833 8 0 111
3242416 8 0 112
6149863 5 0 113
163947 1 0 114
2656810 46 0 115
3242424 78 0 116
260763 8 0 117
6150089 8 0 118
2656810 8 0 119
6150111 4 0 120
2656818 32 0 121
6150104 4 0 122
6150345 8 0 123
230555 8 0 124
6150365 3 0 125
2135392 8 0 126
2656856 10 0 127
2136973 26 0 128
2656856 8 0 129
2136597 32 0 130
218070 4 0 131
218514 4 0 132
2136925 32 0 133
228771 8 0 134
2136957 16 0 135
6150361 3 0 136
2368 8 0 137
6150857 8 0 138
228899 8 0 139
6150871 2 0 140
1343504 8 0 141
6150868 2 0 142
6149858 2 0 143
1343512 10 0 144
6150091 13 0 145
6132016 3 0 146
5094 8 0 147
6150115 1 0 148
6150108 3 0 149
6118281 8 0 150
1343522 1 0 151
2135403 64 0 152
6118419 3 0 153
2543 8 0 154
2137007 32 0 155
6119049 8 0 156
228931 8 0 157
2135395 8 0 158
6119214 7 0 159
1576435 8 0 160
2136999 8 0 161
6119187 22 0 162
1576443 2 0 163
2135611 64 0 164
1576445 1 0 165
6118383 32 0 166
2137055 32 0 167
260539 8 0 168
2137111 26 0 169
6150347 14 0 170
6119305 8 0 171
1054 8 0 172
6150364 1 0 173
6150859 9 0 174
6119403 7 0 175
253315 8 0 176
6150870 1 0 177
6149835 23 0 178
6149860 3 0 179
6149868 1 0 180
78729 8 0 181
3295716 8 0 182
259563 8 0 183
3295724 14 0 184
6071529 8 0 185
3600991 8 0 186
6071614 6 0 187
3600999 59 0 188
259587 8 0 189
253339 8 0 190
6077641 8 0 191
3496510 8 0 192
6077665 1 0 193
259107 8 0 194
3496518 32 0 195
6031657 8 0 196
3496553 1 0 197
6031670 1 0 198
3601058 2 0 199
6031666 3 0 200
3295740 3 0 201
6077657 8 0 202
3295738 2 0 203
81416 6 0 204
81694 2 0 205
4160490 64 0 206
259579 8 0 207
4160554 32 0 208
253323 8 0 209
6075081 8 0 210
3702733 8 0 211
6075234 7 0 212
3702741 52 0 213
259571 8 0 214
228891 8 0 215
6073801 8 0 216
4061184 8 0 217
6074706 32 0 218
4061200 64 0 219
6073803 64 0 220
4061192 8 0 221
6073867 64 0 222
4061266 24 0 223
6073931 64 0 224
4061264 2 0 225
6073995 64 0 226
4061290 6 0 227
6074059 64 0 228
3702793 2 0 229
6074123 64 0 230
3702795 13 0 231
6074187 64 0 232
253299 8 0 233
6074251 64 0 234
3648338 8 0 235
6074315 64 0 236
3648394 57 0 237
1824 2 0 238
6074379 64 0 239
3648346 48 0 240
6074443 64 0 241
3648453 1 0 242
6074507 1 0 243
3648451 2 0 244
6074508 32 0 245
6074540 32 0 246
6074572 32 0 247
6074604 32 0 248
6074738 11 0 249
6074636 1 0 250
6074637 9 0 251
6074678 1 0 252
6074679 16 0 253
6074699 7 0 254
6074695 4 0 255
6074646 32 0 256
6075209 6 0 257
11707 4 0 258
78833 8 0 259
6077897 8 0 260
6078020 5 0 261
6077949 11 0 262
6031659 7 0 263
6071602 2 0 264
6031669 1 0 265
6077643 14 0 266
6119388 10 0 267
3039414 8 0 268
6118537 8 0 269
1292906 8 0 270
6118674 9 0 271
6075147 62 0 272
81696 1 0 273
81978 7 0 274
6075215 19 0 275
6131497 8 0 276
6075083 64 0 277
6131510 2 0 278
6075241 1 0 279
6131505 4 0 280
6077899 50 0 281
6118650 19 0 282
6077992 28 0 283
6077960 32 0 284
6071539 63 0 285
6071604 10 0 286
6071531 8 0 287
2621485 48 0 288
4161420 32 0 289
6076361 8 0 290
3556447 8 0 291
6132011 5 0 292
6076436 4 0 293
3556455 46 0 294
6076363 27 0 295
6132019 1 0 296
4142301 64 0 297
6076408 28 0 298
6119123 64 0 299
4141325 64 0 300
6076392 16 0 301
6119209 5 0 302
4141717 64 0 303
6076440 1 0 304
6119051 64 0 305
6119115 8 0 306
12379 1 0 307
4141421 64 0 308
81368 8 0 309
4142365 32 0 310
82655 8 0 311
4141653 64 0 312
81384 8 0 313
4142397 16 0 314
81392 8 0 315
3556501 1 0 316
82743 8 0 317
231875 8 0 318
81408 8 0 319
233115 8 0 320
260515 8 0 321
228803 8 0 322
2682291 44 0 323
2684211 84 0 324
6118323 60 0 325
2684295 108 0 326
6118415 4 0 327
2136147 64 0 328
6119561 8 0 329
245635 8 0 330
6119596 3 0 331
3367506 128 0 332
6119331 57 0 333
2135539 64 0 334
3367634 57 0 335
6119398 5 0 336
6119563 22 0 337
3367506 8 0 338
6119307 24 0 339
6119587 9 0 340
3367597 61 0 341
6131499 6 0 342
6119585 2 0 343
3367509 64 0 344
6119599 5 0 345
6131509 1 0 346
3367573 24 0 347
6118587 63 0 348
3367658 20 0 349
2136083 64 0 350
6118669 5 0 351
2135475 64 0 352
3271960 8 0 353
6118539 48 0 354
1507067 61 0 355
3271971 64 0 356
260811 8 0 357
6118019 61 0 358
78785 8 0 359
3271963 8 0 360
6118116 8 0 361
259555 8 0 362
3272035 1 0 363
6117771 64 0 364
6157929 8 0 365
6070697 8 0 366
1343504 23 0 367
6070732 3 0 368
6117955 64 0 369
6157964 3 0 370
6157931 22 0 371
6157955 9 0 372
6157953 2 0 373
6157967 32 0 374
4160890 64 0 375
6117875 64 0 376
6070699 22 0 377
228835 8 0 378
6070723 9 0 379
6117835 40 0 380
55049 8 0 381
6070721 2 0 382
6117939 16 0 383
55057 17 0 384
6070735 11 0 385
6073545 8 0 386
55074 1 0 387
6073553 104 0 388
253459 8 0 389
228939 8 0 390
2144466 24 0 391
3490063 8 0 392
6932 3 0 393
7950 2 0 394
12819 1 0 395
4534 1 0 396
12747 1 0 397
3490071 18 0 398
3490089 2 0 399
253283 8 0 400
1675101 8 0 401
1675149 57 0 402
1675109 40 0 403
253291 8 0 404
3753251 8 0 405
230083 8 0 406
3753435 58 0 407
196764 5 0 408
3753259 64 0 409
2280089 8 0 410
197481 3 0 411
1675260 8 0 412
215130 8 0 413
1675268 61 0 414
1847494 5 0 415
1675332 6 0 416
62241 8 0 417
2280196 60 0 418
81120 8 0 419
62269 5 0 420
2280092 64 0 421
62249 20 0 422
81128 7 0 423
62274 8 0 424
81135 1 0 425
216774 8 0 426
3753507 32 0 427
2280256 3 0 428
215042 8 0 429
2280156 40 0 430
3753539 24 0 431
1432816 5 0 432
1675329 3 0 433
4157656 8 0 434
2120095 8 0 435
3753493 14 0 436
2120098 64 0 437
1675206 7 0 438
4157953 28 0 439
253307 8 0 440
2121965 6 0 441
4157905 32 0 442
3837336 8 0 443
2121906 59 0 444
3837600 62 0 445
2276845 64 0 446
4157848 57 0 447
3837344 64 0 448
4157981 8 0 449
2276797 48 0 450
3837536 64 0 451
4157736 64 0 452
2277037 64 0 453
1675213 19 0 454
4157672 64 0 455
229003 8 0 456
2276973 64 0 457
4292659 8 0 458
242619 8 0 459
4292667 31 0 460
1310062 8 0 461
4292698 1 0 462
1310070 128 0 463
3328451 8 0 464
1310198 120 0 465
3328459 13 0 466
1310318 128 0 467
3328473 1 0 468
1310446 128 0 469
1310574 84 0 470
1289478 44 0 471
3837674 28 0 472
1289522 31 0 473
2666541 64 0 474
215098 8 0 475
216050 8 0 476
1638700 25 0 477
2277613 64 0 478
1293026 8 0 479
1638700 8 0 480
234643 8 0 481
1638708 16 0 482
2277109 64 0 483
164467 8 0 484
3753355 64 0 485
229667 8 0 486
1631196 64 0 487
190869 13 0 488
2278042 32 0 489
1300451 42 0 490
2278074 32 0 491
234051 8 0 492
1300512 6 0 493
2279962 32 0 494
3328472 1 0 495
6528654 8 0 496
229651 8 0 497
3753323 32 0 498
1769 8 0 499
6529954 32 0 500
3753419 16 0 501
6529546 32 0 502
229659 8 0 503
64355 8 0 504
243939 8 0 505
2120474 64 0 506
3375067 8 0 507
2120722 64 0 508
1293048 8 0 509
3375075 30 0 510
234075 8 0 511
3375108 6 0 512
2120162 64 0 513
59332 8 0 514
2280259 32 0 515
3375105 3 0 516
59359 1 0 517
2280395 26 0 518
3837464 64 0 519
3837662 12 0 520
59334 1 0 521
228859 8 0 522
2666445 64 0 523
59338 18 0 524
3899524 8 0 525
2666405 40 0 526
3899532 28 0 527
59335 2 0 528
2120410 64 0 529
3899560 1 0 530
6529986 19 0 531
3899561 5 0 532
217166 8 0 533
234059 8 0 534
2120346 64 0 535
6531706 8 0 536
2120578 64 0 537
214842 8 0 538
6531768 3 0 539
15032 8 0 540
2120282 64 0 541
6531708 45 0 542
252091 8 0 543
6531753 11 0 544
3410 8 0 545
6531764 2 0 546
6531767 1 0 547
5445532 8 0 548
252227 8 0 549
1293318 8 0 550
5444704 8 0 551
233963 8 0 552
2348425 8 0 553
5444706 4 0 554
2354670 28 0 555
2356706 4 0 556
5444710 1 0 557
2348427 64 0 558
2348491 64 0 559
2348555 64 0 560
2348619 64 0 561
2348683 64 0 562
2348747 64 0 563
2348811 64 0 564
2348875 64 0 565
2348939 64 0 566
2349003 64 0 567
2349067 55 0 568
2349393 9 0 569
2349402 64 0 570
2349466 64 0 571
2349530 64 0 572
2356710 26 0 573
2349594 47 0 574
2351717 17 0 575
2351734 64 0 576
2351798 64 0 577
2351862 64 0 578
2351926 19 0 579
2353951 45 0 580
2353996 64 0 581
2354060 64 0 582
2354124 7 0 583
2354131 32 0 584
2354379 32 0 585
2354411 32 0 586
2354643 25 0 587
2354669 1 0 588
2354323 32 0 589
233955 8 0 590
2346235 8 0 591
2348046 10 0 592
2346237 62 0 593
2347913 2 0 594
2347915 64 0 595
2347979 11 0 596
2347998 17 0 597
2347990 8 0 598
2354355 16 0 599
233971 8 0 600
3837703 32 0 601
1758673 58 0 602
2506799 8 0 603
1824590 64 0 604
2506864 4 0 605
3837408 56 0 606
1824702 64 0 607
2506801 36 0 608
2120226 56 0 609
2506842 22 0 610
2506837 5 0 611
1293326 4 0 612
1295561 4 0 613
2277309 64 0 614
234563 8 0 615
1400704 45 0 616
1400901 19 0 617
4457731 8 0 618
229675 8 0 619
4460572 32 0 620
44247 8 0 621
4457733 64 0 622
244683 8 0 623
4457797 64 0 624
214508 8 0 625
4457861 64 0 626
35762 8 0 627
4457925 64 0 628
35754 8 0 629
4457989 64 0 630
2279930 32 0 631
4458053 64 0 632
2666621 64 0 633
4458117 64 0 634
245355 8 0 635
4458181 64 0 636
1289458 2 0 637
4458245 64 0 638
38433 2 0 639
4458309 64 0 640
232419 8 0 641
4458373 64 0 642
8376649 2 0 643
4458437 64 0 644
232411 8 0 645
4458501 64 0 646
2372863 2 0 647
4458565 64 0 648
1296725 2 0 649
4458629 64 0 650
2120658 64 0 651
4458693 64 0 652
2121971 32 0 653
4458757 64 0 654
2122003 32 0 655
4458821 64 0 656
2122531 32 0 657
4460604 32 0 658
2120538 40 0 659
4458885 64 0 660
2279898 32 0 661
4458949 46 0 662
4459317 18 0 663
44255 8 0 664
4459335 64 0 665
2279866 32 0 666
4459399 64 0 667
2666509 32 0 668
4459463 64 0 669
1421597 8 0 670
245347 8 0 671
4459527 64 0 672
2146003 64 0 673
228779 8 0 674
2146656 32 0 675
4459591 64 0 676
3623901 8 0 677
245731 8 0 678
2145955 48 0 679
3623925 60 0 680
4459655 64 0 681
228851 8 0 682
2146688 7 0 683
3623909 16 0 684
4459719 64 0 685
228979 8 0 686
2146695 32 0 687
3623985 7 0 688
4459783 64 0 689
216450 8 0 690
2146587 60 0 691
3623992 10 0 692
4459847 64 0 693
2188 5 0 694
2146187 64 0 695
4459911 64 0 696
215394 8 0 697
4160826 64 0 698
4459975 64 0 699
244123 8 0 700
4160786 40 0 701
4460039 64 0 702
83550 8 0 703
1325989 3 0 704
4460103 64 0 705
244523 8 0 706
1838784 8 0 707
4460636 10 0 708
64161 8 0 709
1839867 64 0 710
4460167 64 0 711
244691 8 0 712
1837012 32 0 713
4460231 64 0 714
1630259 18 0 715
1836988 24 0 716
4460295 60 0 717
1838787 64 0 718
4460372 32 0 719
1839203 64 0 720
4460456 32 0 721
1838947 64 0 722
4460488 32 0 723
1836699 64 0 724
4460356 16 0 725
1839139 64 0 726
4460404 32 0 727
1400648 56 0 728
3534094 8 0 729
1840315 64 0 730
3536301 32 0 731
1837072 32 0 732
3534096 64 0 733
1844166 32 0 734
3534160 64 0 735
1839971 64 0 736
3534224 64 0 737
1836931 57 0 738
3534288 64 0 739
1839699 64 0 740
3534352 64 0 741
1839035 64 0 742
3534416 64 0 743
1839275 64 0 744
3534480 64 0 745
1839099 40 0 746
3534544 64 0 747
1838883 64 0 748
3534608 64 0 749
1839011 24 0 750
3534672 64 0 751
3534736 64 0 752
1839635 64 0 753
3534800 64 0 754
1839339 64 0 755
3534864 64 0 756
1839507 64 0 757
3534928 64 0 758
4161178 64 0 759
3534992 64 0 760
230179 8 0 761
3535056 64 0 762
2171680 8 0 763
3535120 64 0 764
2171683 64 0 765
3536333 27 0 766
2171765 4 0 767
2171747 18 0 768
1839267 8 0 769
3535184 64 0 770
1839443 64 0 771
3535248 4 0 772
3535318 60 0 773
1839571 64 0 774
3535378 64 0 775
2149603 64 0 776
3535442 64 0 777
2150200 14 0 778
3535506 64 0 779
2149747 64 0 780
3535570 64 0 781
2150139 61 0 782
3535634 64 0 783
1838851 32 0 784
3535698 64 0 785
1839787 64 0 786
3535762 64 0 787
1839931 40 0 788
1836843 64 0 789
3535826 64 0 790
1839403 40 0 791
201527 8 0 792
3535890 64 0 793
2146091 64 0 794
3535954 56 0 795
2277693 64 0 796
243987 8 0 797
3536018 32 0 798
1837044 28 0 799
1839763 24 0 800
2277821 64 0 801
3536010 8 0 802
1840251 64 0 803
2277901 64 0 804
3536050 20 0 805
1840091 64 0 806
1302756 4 0 807
1302774 1 0 808
4460436 20 0 809
234555 8 0 810
2130774 8 0 811
3600452 8 0 812
2130823 11 0 813
3604340 32 0 814
2130782 41 0 815
3600454 64 0 816
2130834 1 0 817
2130835 10 0 818
3600518 64 0 819
3600582 19 0 820
3601115 45 0 821
2277677 16 0 822
3601160 64 0 823
2277389 64 0 824
3601224 64 0 825
229835 8 0 826
3601288 13 0 827
3601307 51 0 828
456 2 0 829
46302 2 0 830
3601358 64 0 831
3601422 64 0 832
3601486 7 0 833
3601602 57 0 834
3601659 64 0 835
3601723 64 0 836
261651 8 0 837
3601787 60 0 838
3601855 4 0 839
128248 2 0 840
3601859 64 0 841
2277501 64 0 842
3601923 64 0 843
2277453 48 0 844
3601987 64 0 845
231691 8 0 846
3602051 52 0 847
3602111 12 0 848
1441659 2 0 849
3602123 64 0 850
232291 8 0 851
3602187 64 0 852
2277245 64 0 853
3602251 64 0 854
2123059 32 0 855
215050 8 0 856
245099 8 0 857
3602315 44 0 858
3602370 20 0 859
1847834 5 0 860
1441737 8 0 861
48417 8 0 862
1758649 24 0 863
3602390 64 0 864
48425 57 0 865
1441745 56 0 866
1458621 8 0 867
2123115 32 0 868
3602454 64 0 869
48417 8 0 870
2123147 32 0 871
3602518 64 0 872
3602582 33 0 873
3602659 31 0 874
3602690 64 0 875
3602754 64 0 876
3602818 53 0 877
3602894 11 0 878
3602905 64 0 879
3604372 16 0 880
3602969 64 0 881
3603033 64 0 882
3603097 30 0 883
3603649 34 0 884
1844198 11 0 885
3603683 64 0 886
1836779 64 0 887
3603747 64 0 888
1836763 16 0 889
3603811 64 0 890
1839851 16 0 891
3603875 64 0 892
1835390 64 0 893
3603939 43 0 894
3603984 21 0 895
1836158 4 0 896
1836639 60 0 897
3604005 64 0 898
1840035 56 0 899
3604069 26 0 900
1835694 64 0 901
3604097 32 0 902
3604303 8 0 903
3604316 23 0 904
3604137 32 0 905
3604129 8 0 906
1292946 8 0 907
234619 8 0 908
2817279 8 0 909
2787767 32 0 910
2817281 64 0 911
2817345 64 0 912
2817409 64 0 913
2817473 64 0 914
2817537 64 0 915
2817601 64 0 916
2817665 64 0 917
2817729 64 0 918
2817801 64 0 919
2122715 32 0 920
4160954 64 0 921
243515 8 0 922
2817865 64 0 923
48443 8 0 924
2122747 32 0 925
1400844 8 0 926
2122619 32 0 927
2817929 64 0 928
4161396 24 0 929
48425 18 0 930
1400852 49 0 931
2122651 32 0 932
2817993 11 0 933
2785280 53 0 934
48451 1 0 935
1400844 8 0 936
2122683 32 0 937
2785333 64 0 938
48452 26 0 939
1824926 64 0 940
2122779 32 0 941
259307 8 0 942
1400888 4 0 943
2785397 64 0 944
1400846 21 0 945
2122811 32 0 946
2785461 64 0 947
1400869 19 0 948
6001873 8 0 949
2146067 24 0 950
231411 8 0 951
2785525 64 0 952
6001881 40 0 953
7070 2 0 954
1400892 9 0 955
1843926 2 0 956
1844136 30 0 957
2785589 64 0 958
6001873 8 0 959
231075 8 0 960
2277565 48 0 961
78761 8 0 962
2120642 16 0 963
2785653 64 0 964
6001897 5 0 965
38497 2 0 966
1840187 64 0 967
2785717 64 0 968
6001875 22 0 969
232547 8 0 970
271347 8 0 971
231083 8 0 972
6103851 8 0 973
2787799 32 0 974
4142013 64 0 975
6001902 19 0 976
6103859 25 0 977
7068 2 0 978
2785781 64 0 979
4141949 64 0 980
6103851 8 0 981
231427 8 0 982
2785845 64 0 983
4142117 64 0 984
232435 8 0 985
232523 8 0 986
6103879 3 0 987
230115 8 0 988
2785909 64 0 989
4141549 64 0 990
6103853 16 0 991
2882264 2 0 992
2670910 8 0 993
2785973 64 0 994
233195 8 0 995
253187 8 0 996
6103871 8 0 997
2117375 2 0 998
1641480 8 0 999
